     1                                  bits 32 
     2                                  
     3                                  global start        
     4                                  
     5                                  extern exit, fopen, fread, printf, fclose
     6                                  import exit msvcrt.dll   
     7                                  import fopen msvcrt.dll
     8                                  import fread msvcrt.dll
     9                                  import printf msvcrt.dll
    10                                  import fclose msvcrt.dll
    11                                  
    12                                  ;A text file is given. Read the content of the file, count the number of consonants and display the result on the screen. The name of text file is defined in the data segment.
    13                                  
    14                                  
    15                                  segment data use32 class=data
    16 00000000 546865206E756D6265-         output_format db "The number of consonants is: %u", 0
    16 00000009 72206F6620636F6E73-
    16 00000012 6F6E616E7473206973-
    16 0000001B 3A20257500         
    17 00000020 696E7075742E747874-         input_file_name db "input.txt", 0
    17 00000029 00                 
    18 0000002A 7200                        acces_mode db "r", 0
    19 0000002C <res 00000004>              file_descriptor resd 1
    20 00000030 00000000                    consonant_character_counter dd 0
    21                                      
    22                                      max_length equ 100
    23 00000034 <res 00000004>              actual_length resd 1
    24 00000038 <res 00000064>              input_text resb max_length
    25                                     
    26                                  segment code use32 class=code
    27                                      start:
    28                                          
    29                                      ;fopen(input_file_name, acces_mode)
    30 00000000 68[2A000000]                    push acces_mode
    31 00000005 68[20000000]                    push input_file_name
    32 0000000A FF15[00000000]                  call [fopen]
    33 00000010 83C408                          add esp, 4 * 2 
    34 00000013 A3[2C000000]                    mov dword[file_descriptor], eax 
    35 00000018 83F800                          cmp eax, 0
    36 0000001B 7477                            je end_program
    37                                          
    38                                      ;fread(input_text, 1, max_length, file_descriptor)
    39 0000001D FF35[2C000000]                  push dword[file_descriptor]
    40 00000023 6A64                            push max_length
    41 00000025 6A01                            push 1
    42 00000027 68[38000000]                    push input_text
    43 0000002C FF15[00000000]                  call [fread]
    44 00000032 83C410                          add esp, 4 * 4
    45 00000035 A3[34000000]                    mov dword[actual_length], eax
    46                                      
    47                                      ;we must count how many consonants we have in the string input_text
    48                                     
    49 0000003A 8B0D[34000000]                  mov ecx, dword[actual_length]
    50 00000040 BE[38000000]                    mov esi, input_text
    51 00000045 FC                              cld
    52                                          for_every_character_in_the_input:
    53 00000046 AC                                  lodsb
    54                                              ;we must check if the byte stored in al is a consonant
    55 00000047 3C00                                cmp al,0
    56 00000049 7424                                je not_consonant
    57 0000004B 3C61                                cmp al, 'a'
    58 0000004D 7220                                jb not_consonant
    59 0000004F 3C7A                                cmp al, 'z'
    60 00000051 771C                                ja not_consonant
    61                                   
    62                                              
    63 00000053 3C61                                cmp al, 'a'
    64 00000055 7418                                je not_consonant
    65 00000057 3C65                                cmp al, 'e'
    66 00000059 7414                                je not_consonant
    67 0000005B 3C69                                cmp al, 'i'
    68 0000005D 7410                                je not_consonant
    69 0000005F 3C6F                                cmp al, 'o'
    70 00000061 740C                                je not_consonant
    71 00000063 3C75                                cmp al, 'u'
    72 00000065 7408                                je not_consonant
    73 00000067 EB00                                jmp is_consonant 
    74                                              
    75                                              is_consonant:
    76 00000069 FF05[30000000]                          inc dword[consonant_character_counter] 
    77                                                 
    78                                                  
    79                                               not_consonant:
    80 0000006F E2D5                            loop for_every_character_in_the_input
    81                                      
    82                                      ;printf("The number of consonants is: %u", consonant_character_counter)
    83 00000071 FF35[30000000]                  push dword[consonant_character_counter]
    84 00000077 68[00000000]                    push output_format
    85 0000007C FF15[00000000]                  call [printf]
    86 00000082 83C408                          add esp, 4 * 2
    87                                      
    88                                      ;fclose(file_descriptor)
    89 00000085 FF35[2C000000]                  push dword [file_descriptor]
    90 0000008B FF15[00000000]                  call [fclose]
    91 00000091 83C404                          add esp, 4 * 1
    92                                          
    93                                      end_program:
    94 00000094 6A00                        push    dword 0
    95 00000096 FF15[00000000]              call    [exit]
